2024-04-24 01:14:44,622 [DEBUG]  Available web server routes: 
/conversations/<conversation_id:path>/messages     POST                           add_message
/conversations/<conversation_id:path>/tracker/events POST                           append_events
/webhooks/rasa                                     GET                            custom_webhook_RasaChatInput.health
/webhooks/rasa/webhook                             POST                           custom_webhook_RasaChatInput.receive
/webhooks/rest                                     GET                            custom_webhook_RestInput.health
/webhooks/rest/webhook                             POST                           custom_webhook_RestInput.receive
/model/test/intents                                POST                           evaluate_intents
/model/test/stories                                POST                           evaluate_stories
/conversations/<conversation_id:path>/execute      POST                           execute_action
/domain                                            GET                            get_domain
/                                                  GET                            hello
/model                                             PUT                            load_model
/model/parse                                       POST                           parse
/conversations/<conversation_id:path>/predict      POST                           predict
/conversations/<conversation_id:path>/tracker/events PUT                            replace_events
/conversations/<conversation_id:path>/story        GET                            retrieve_story
/conversations/<conversation_id:path>/tracker      GET                            retrieve_tracker
/status                                            GET                            status
/model/predict                                     POST                           tracker_predict
/model/train                                       POST                           train
/conversations/<conversation_id:path>/trigger_intent POST                           trigger_intent
/model                                             DELETE                         unload_model
/version                                           GET                            version
2024-04-24 01:14:44,626 [INFO ]  Starting Rasa server on http://0.0.0.0:5005
2024-04-24 01:14:44,627 [DEBUG]  Using the default number of Sanic workers (1).
2024-04-24 01:14:45,375 [DEBUG]  Skipping telemetry reporting: no license hash found.
2024-04-24 01:14:45,448 [DEBUG]  Connected to InMemoryTrackerStore.
2024-04-24 01:14:45,450 [DEBUG]  Connected to lock store 'InMemoryLockStore'.
2024-04-24 01:14:45,451 [DEBUG]  Instantiated NLG to 'TemplatedNaturalLanguageGenerator'.
2024-04-24 01:14:45,452 [INFO ]  Loading model /app/models/20240424-010915-bisque-spitz.tar.gz...
2024-04-24 01:14:46,082 [DEBUG]  Extracted model to '/tmp/tmpp2nxc3ha'.
2024-04-24 01:14:46,085 [DEBUG]  Node 'nlu_message_converter' loading 'NLUMessageConverter.load' and kwargs: '{}'.
2024-04-24 01:14:46,086 [DEBUG]  Node 'run_WhitespaceTokenizer0' loading 'WhitespaceTokenizer.load' and kwargs: '{}'.
2024-04-24 01:14:46,090 [DEBUG]  Node 'run_RegexFeaturizer1' loading 'RegexFeaturizer.load' and kwargs: '{}'.
2024-04-24 01:14:46,091 [DEBUG]  Resource 'train_RegexFeaturizer1' was requested for reading.
2024-04-24 01:14:46,092 [DEBUG]  Node 'run_LexicalSyntacticFeaturizer2' loading 'LexicalSyntacticFeaturizer.load' and kwargs: '{}'.
2024-04-24 01:14:46,092 [DEBUG]  Resource 'train_LexicalSyntacticFeaturizer2' was requested for reading.
2024-04-24 01:14:46,097 [DEBUG]  Node 'run_CountVectorsFeaturizer3' loading 'CountVectorsFeaturizer.load' and kwargs: '{}'.
2024-04-24 01:14:46,098 [DEBUG]  Resource 'train_CountVectorsFeaturizer3' was requested for reading.
2024-04-24 01:14:46,100 [DEBUG]  Node 'run_CountVectorsFeaturizer4' loading 'CountVectorsFeaturizer.load' and kwargs: '{}'.
2024-04-24 01:14:46,101 [DEBUG]  Resource 'train_CountVectorsFeaturizer4' was requested for reading.
2024-04-24 01:14:46,107 [DEBUG]  Node 'run_DIETClassifier5' loading 'DIETClassifier.load' and kwargs: '{}'.
2024-04-24 01:14:46,108 [DEBUG]  Resource 'train_DIETClassifier5' was requested for reading.
2024-04-24 01:14:46,112 [DEBUG]  Loading the model from /tmp/tmp7tz2pi30/train_DIETClassifier5/DIETClassifier.tf_model with finetune_mode=False...
2024-04-24 01:14:46,295 [DEBUG]  You specified 'DIET' to train entities, but no entities are present in the training data. Skipping training of entities.
2024-04-24 01:14:46,352 [DEBUG]  Following metrics will be logged during training: 
2024-04-24 01:14:46,353 [DEBUG]    t_loss (total loss)
2024-04-24 01:14:46,354 [DEBUG]    i_acc (intent acc)
2024-04-24 01:14:46,355 [DEBUG]    i_loss (intent loss)
2024-04-24 01:15:03,157 [DEBUG]  Finished loading the model.
2024-04-24 01:15:03,158 [DEBUG]  Node 'run_EntitySynonymMapper6' loading 'EntitySynonymMapper.load' and kwargs: '{}'.
2024-04-24 01:15:03,159 [DEBUG]  Resource 'train_EntitySynonymMapper6' was requested for reading.
2024-04-24 01:15:03,160 [DEBUG]  Failed to load ABCMeta from model storage. Resource 'train_EntitySynonymMapper6' doesn't exist.
2024-04-24 01:15:03,161 [DEBUG]  Node 'run_ResponseSelector7' loading 'ResponseSelector.load' and kwargs: '{}'.
2024-04-24 01:15:03,162 [DEBUG]  Resource 'train_ResponseSelector7' was requested for reading.
2024-04-24 01:15:03,163 [DEBUG]  Failed to load ABCMeta from model storage. Resource 'train_ResponseSelector7' doesn't exist.
2024-04-24 01:15:03,164 [DEBUG]  Resource 'train_ResponseSelector7' was requested for reading.
2024-04-24 01:15:03,165 [DEBUG]  Failed to load ResponseSelector from model storage. Resource 'train_ResponseSelector7' doesn't exist.
2024-04-24 01:15:03,166 [DEBUG]  Node 'run_FallbackClassifier8' loading 'FallbackClassifier.load' and kwargs: '{}'.
2024-04-24 01:15:03,167 [DEBUG]  Node 'run_RegexMessageHandler' loading 'RegexMessageHandler.load' and kwargs: '{}'.
2024-04-24 01:15:03,169 [DEBUG]  Node 'domain_provider' loading 'DomainProvider.load' and kwargs: '{}'.
2024-04-24 01:15:03,170 [DEBUG]  Resource 'domain_provider' was requested for reading.
2024-04-24 01:15:03,246 [DEBUG]  Node 'run_MemoizationPolicy0' loading 'MemoizationPolicy.load' and kwargs: '{}'.
2024-04-24 01:15:03,247 [DEBUG]  Resource 'train_MemoizationPolicy0' was requested for reading.
2024-04-24 01:15:03,251 [DEBUG]  Node 'run_RulePolicy1' loading 'RulePolicy.load' and kwargs: '{}'.
2024-04-24 01:15:03,252 [DEBUG]  Resource 'train_RulePolicy1' was requested for reading.
2024-04-24 01:15:03,254 [DEBUG]  Node 'run_TEDPolicy2' loading 'TEDPolicy.load' and kwargs: '{}'.
2024-04-24 01:15:03,256 [DEBUG]  Resource 'train_TEDPolicy2' was requested for reading.
2024-04-24 01:15:03,259 [DEBUG]  Loading the model from /tmp/tmp7tz2pi30/train_TEDPolicy2/ted_policy.tf_model with finetune_mode=False...
2024-04-24 01:15:21,319 [DEBUG]  Finished loading the model.
2024-04-24 01:15:21,321 [DEBUG]  Node 'rule_only_data_provider' loading 'RuleOnlyDataProvider.load' and kwargs: '{}'.
2024-04-24 01:15:21,322 [DEBUG]  Resource 'train_RulePolicy1' was requested for reading.
2024-04-24 01:15:21,324 [DEBUG]  Node 'select_prediction' loading 'DefaultPolicyPredictionEnsemble.load' and kwargs: '{}'.
2024-04-24 01:15:21,339 [INFO ]  Rasa server is up and running.
2024-04-24 01:15:21,345 [INFO ]  Enabling coroutine debugging. Loop id 94064896020080.
2024-04-24 01:15:55,518 [DEBUG]  Issuing ticket for conversation '768c32e2-0e1e-495b-b109-cb7efe92fb83'.
2024-04-24 01:15:55,519 [DEBUG]  Acquiring lock for conversation '768c32e2-0e1e-495b-b109-cb7efe92fb83'.
2024-04-24 01:15:55,520 [DEBUG]  Acquired lock for conversation '768c32e2-0e1e-495b-b109-cb7efe92fb83'.
2024-04-24 01:15:55,521 [DEBUG]  Could not find tracker for conversation ID '768c32e2-0e1e-495b-b109-cb7efe92fb83'.
2024-04-24 01:15:55,522 [DEBUG]  No event broker configured. Skipping streaming events.
2024-04-24 01:15:55,523 [DEBUG]  Starting a new session for conversation ID '768c32e2-0e1e-495b-b109-cb7efe92fb83'.
2024-04-24 01:15:55,529 [DEBUG]  {"prediction_events": [], "event": "processor.actions.policy_prediction", "level": "debug"}
2024-04-24 01:15:55,531 [DEBUG]  {"action_name": "action_session_start", "rasa_events": ["<rasa.shared.core.events.SessionStarted object at 0x7f1d0f6e8b50>", "ActionExecuted(action: action_listen, policy: None, confidence: None)"], "event": "processor.actions.log", "level": "debug"}
2024-04-24 01:15:55,532 [DEBUG]  {"slot_values": "\tsession_started_metadata: None", "event": "processor.slots.log", "level": "debug"}
2024-04-24 01:15:55,534 [DEBUG]  Running graph with inputs: {'__message__': [<rasa.core.channels.channel.UserMessage object at 0x7f1d9998fdf0>], '__tracker__': <rasa.shared.core.trackers.DialogueStateTracker object at 0x7f1d0fd18a60>}, targets: ['run_RegexMessageHandler'] and ExecutionContext(model_id='43cf54dcfd944c7f9d8342dfd35a3a06', should_add_diagnostic_data=False, is_finetuning=False, node_name=None).
2024-04-24 01:15:55,535 [DEBUG]  Node 'nlu_message_converter' running 'NLUMessageConverter.convert_user_message'.
2024-04-24 01:15:55,535 [DEBUG]  Node 'run_WhitespaceTokenizer0' running 'WhitespaceTokenizer.process'.
2024-04-24 01:15:55,541 [DEBUG]  Node 'run_RegexFeaturizer1' running 'RegexFeaturizer.process'.
2024-04-24 01:15:55,542 [DEBUG]  Node 'run_LexicalSyntacticFeaturizer2' running 'LexicalSyntacticFeaturizer.process'.
2024-04-24 01:15:55,545 [DEBUG]  Node 'run_CountVectorsFeaturizer3' running 'CountVectorsFeaturizer.process'.
2024-04-24 01:15:55,551 [DEBUG]  Node 'run_CountVectorsFeaturizer4' running 'CountVectorsFeaturizer.process'.
2024-04-24 01:15:55,556 [DEBUG]  Node 'run_DIETClassifier5' running 'DIETClassifier.process'.
2024-04-24 01:15:55,948 [DEBUG]  Node 'run_EntitySynonymMapper6' running 'EntitySynonymMapper.process'.
2024-04-24 01:15:55,949 [DEBUG]  Node 'run_ResponseSelector7' running 'ResponseSelector.process'.
2024-04-24 01:15:55,950 [DEBUG]  There is no trained model for 'ResponseSelector': The component is either not trained or didn't receive enough training data.
2024-04-24 01:15:55,950 [DEBUG]  Adding following selector key to message property: default
2024-04-24 01:15:55,951 [DEBUG]  Node 'run_FallbackClassifier8' running 'FallbackClassifier.process'.
2024-04-24 01:15:55,951 [DEBUG]  Node 'domain_provider' running 'DomainProvider.provide_inference'.
2024-04-24 01:15:55,952 [DEBUG]  Node 'run_RegexMessageHandler' running 'RegexMessageHandler.process'.
2024-04-24 01:15:55,953 [DEBUG]  {"parse_data_text": "hi", "parse_data_intent": {"name": "greet", "confidence": 0.9946293234825134}, "parse_data_entities": [], "event": "processor.message.parse", "level": "debug"}
2024-04-24 01:15:55,955 [DEBUG]  Logged UserUtterance - tracker now has 4 events.
2024-04-24 01:15:55,956 [DEBUG]  Validating extracted slots: 
2024-04-24 01:15:55,956 [DEBUG]  {"action_extract_slot": "action_extract_slots", "len_extraction_events": 0, "rasa_events": [], "event": "processor.extract.slots", "level": "debug"}
2024-04-24 01:15:55,957 [DEBUG]  Running graph with inputs: {'__tracker__': <rasa.shared.core.trackers.DialogueStateTracker object at 0x7f1d0fd18a60>}, targets: ['select_prediction'] and ExecutionContext(model_id='43cf54dcfd944c7f9d8342dfd35a3a06', should_add_diagnostic_data=False, is_finetuning=False, node_name=None).
2024-04-24 01:15:55,958 [DEBUG]  Node 'rule_only_data_provider' running 'RuleOnlyDataProvider.provide'.
2024-04-24 01:15:55,959 [DEBUG]  Node 'domain_provider' running 'DomainProvider.provide_inference'.
2024-04-24 01:15:55,959 [DEBUG]  Node 'run_MemoizationPolicy0' running 'MemoizationPolicy.predict_action_probabilities'.
2024-04-24 01:15:55,962 [DEBUG]  {"tracker_states": [{}, {"user": {"intent": "greet"}, "prev_action": {"action_name": "action_listen"}}], "event": "memoization.predict.actions", "level": "debug"}
2024-04-24 01:15:55,963 [DEBUG]  There is a memorised next action 'utter_greet'
2024-04-24 01:15:55,964 [DEBUG]  Node 'run_RulePolicy1' running 'RulePolicy.predict_action_probabilities'.
2024-04-24 01:15:55,965 [DEBUG]  {"current_states": "\n[state 1] user text: hi | previous action name: action_listen", "event": "rule_policy.actions.find", "level": "debug"}
2024-04-24 01:15:55,965 [DEBUG]  There is no applicable rule.
2024-04-24 01:15:55,967 [DEBUG]  {"current_states": "\n[state 1] user intent: greet | previous action name: action_listen", "event": "rule_policy.actions.find", "level": "debug"}
2024-04-24 01:15:55,968 [DEBUG]  There is no applicable rule.
2024-04-24 01:15:55,969 [DEBUG]  Node 'run_TEDPolicy2' running 'TEDPolicy.predict_action_probabilities'.
2024-04-24 01:15:55,986 [DEBUG]  TED predicted 'utter_greet' based on user intent.
2024-04-24 01:15:55,987 [DEBUG]  Node 'select_prediction' running 'DefaultPolicyPredictionEnsemble.combine_predictions_from_kwargs'.
2024-04-24 01:15:55,989 [DEBUG]  Made prediction using user intent.
2024-04-24 01:15:55,990 [DEBUG]  Added `DefinePrevUserUtteredFeaturization(False)` event.
2024-04-24 01:15:55,991 [DEBUG]  Predicted next action using MemoizationPolicy.
2024-04-24 01:15:55,992 [DEBUG]  Predicted next action 'utter_greet' with confidence 1.00.
2024-04-24 01:15:55,997 [DEBUG]  {"prediction_events": ["<rasa.shared.core.events.DefinePrevUserUtteredFeaturization object at 0x7f1d0f6e8be0>"], "event": "processor.actions.policy_prediction", "level": "debug"}
2024-04-24 01:15:56,000 [DEBUG]  {"action_name": "utter_greet", "rasa_events": ["BotUttered('Hey! How are you?', {\"elements\": null, \"quick_replies\": null, \"buttons\": null, \"attachment\": null, \"image\": null, \"custom\": null}, {\"utter_action\": \"utter_greet\"}, 1713921355.997047)"], "event": "processor.actions.log", "level": "debug"}
2024-04-24 01:15:56,001 [DEBUG]  Running graph with inputs: {'__tracker__': <rasa.shared.core.trackers.DialogueStateTracker object at 0x7f1d0fd18a60>}, targets: ['select_prediction'] and ExecutionContext(model_id='43cf54dcfd944c7f9d8342dfd35a3a06', should_add_diagnostic_data=False, is_finetuning=False, node_name=None).
2024-04-24 01:15:56,003 [DEBUG]  Node 'rule_only_data_provider' running 'RuleOnlyDataProvider.provide'.
2024-04-24 01:15:56,004 [DEBUG]  Node 'domain_provider' running 'DomainProvider.provide_inference'.
2024-04-24 01:15:56,005 [DEBUG]  Node 'run_MemoizationPolicy0' running 'MemoizationPolicy.predict_action_probabilities'.
2024-04-24 01:15:56,007 [DEBUG]  {"tracker_states": [{}, {"user": {"intent": "greet"}, "prev_action": {"action_name": "action_listen"}}, {"user": {"intent": "greet"}, "prev_action": {"action_name": "utter_greet"}}], "event": "memoization.predict.actions", "level": "debug"}
2024-04-24 01:15:56,011 [DEBUG]  There is a memorised next action 'action_listen'
2024-04-24 01:15:56,013 [DEBUG]  Node 'run_RulePolicy1' running 'RulePolicy.predict_action_probabilities'.
2024-04-24 01:15:56,015 [DEBUG]  {"current_states": "\n[state 1] user intent: greet | previous action name: action_listen\n[state 2] user intent: greet | previous action name: utter_greet", "event": "rule_policy.actions.find", "level": "debug"}
2024-04-24 01:15:56,016 [DEBUG]  There is no applicable rule.
2024-04-24 01:15:56,017 [DEBUG]  Node 'run_TEDPolicy2' running 'TEDPolicy.predict_action_probabilities'.
2024-04-24 01:15:56,034 [DEBUG]  TED predicted 'action_listen' based on user intent.
2024-04-24 01:15:56,036 [DEBUG]  Node 'select_prediction' running 'DefaultPolicyPredictionEnsemble.combine_predictions_from_kwargs'.
2024-04-24 01:15:56,037 [DEBUG]  Predicted next action using MemoizationPolicy.
2024-04-24 01:15:56,039 [DEBUG]  Predicted next action 'action_listen' with confidence 1.00.
2024-04-24 01:15:56,040 [DEBUG]  {"prediction_events": [], "event": "processor.actions.policy_prediction", "level": "debug"}
2024-04-24 01:15:56,041 [DEBUG]  {"action_name": "action_listen", "rasa_events": [], "event": "processor.actions.log", "level": "debug"}
2024-04-24 01:15:56,042 [DEBUG]  No event broker configured. Skipping streaming events.
2024-04-24 01:15:56,043 [DEBUG]  Deleted lock for conversation '768c32e2-0e1e-495b-b109-cb7efe92fb83'.
